Vérification des données d'IRCC...
-> Ronde détectée sur IRCC : #415
-> Ronde enregistrée dans le fichier texte : #
🚨 Nouvelle ronde détectée ! Préparation du message...
💬 iMessage envoyé avec succès !
Vérification des données d'IRCC...
-> Ronde détectée sur IRCC : #415
-> Ronde enregistrée dans le fichier texte : #415
✅ À jour. Pas de nouvelle ronde depuis la dernière vérification.
[2026-05-21 19:48:26] Vérification des données d'IRCC...
[2026-05-21 19:48:26] -> Ronde détectée sur IRCC : #415
[2026-05-21 19:48:26] -> Ronde enregistrée dans le fichier texte : #415
[2026-05-21 19:48:26] ✅ À jour. Pas de nouvelle ronde depuis la dernière vérification.
[2026-05-22 13:30:04] Vérification des données d'IRCC...
[2026-05-22 13:30:05] -> Ronde détectée sur IRCC : #415
[2026-05-22 13:30:05] -> Ronde enregistrée dans le fichier texte : #415
[2026-05-22 13:30:05] ✅ À jour. Pas de nouvelle ronde depuis la dernière vérification.
[2026-05-22 16:30:01] Vérification des données d'IRCC...
[2026-05-22 16:30:02] -> Ronde détectée sur IRCC : #415
[2026-05-22 16:30:02] -> Ronde enregistrée dans le fichier texte : #415
[2026-05-22 16:30:02] ✅ À jour. Pas de nouvelle ronde depuis la dernière vérification.
[2026-05-25 18:11:41] Vérification des données d'IRCC...
[2026-05-25 18:11:42] -> Ronde détectée sur IRCC : #416
[2026-05-25 18:11:42] -> Ronde enregistrée dans le fichier texte : #415
[2026-05-25 18:11:42] 🚨 Nouvelle ronde détectée ! Préparation du message...
[2026-05-25 18:11:42] 💬 iMessage envoyé avec succès !
